<?xml version="1.0" encoding="UTF-8"?>
<testng-results ignored="0" total="5" passed="5" failed="0" skipped="0">
  <reporter-output>
  </reporter-output>
  <suite started-at="2024-12-18T00:44:52 EST" name="Default suite" finished-at="2024-12-18T00:45:22 EST" duration-ms="29902">
    <groups>
      <group name="cucumber">
        <method signature="AbstractTestNGCucumberTests.runScenario(io.cucumber.testng.PickleWrapper,io.cucumber.testng.FeatureWrapper)[pri:0, instance:com.TN.Runner.Runner_TestNG@bccb269]" name="runScenario" class="io.cucumber.testng.AbstractTestNGCucumberTests"/>
      </group> <!-- cucumber -->
    </groups>
    <test started-at="2024-12-18T00:44:52 EST" name="Default test" finished-at="2024-12-18T00:45:22 EST" duration-ms="29902">
      <class name="com.TN.Runner.Runner_TestNG">
        <test-method is-config="true" signature="setUpClass(org.testng.ITestContext)[pri:0, instance:com.TN.Runner.Runner_TestNG@bccb269]" started-at="2024-12-18T00:44:52 EST" name="setUpClass" finished-at="2024-12-18T00:44:52 EST" duration-ms="381" status="PASS">
          <params>
            <param index="0">
              <value>
                <![CDATA[org.testng.TestRunner@31c628e7]]>
              </value>
            </param>
          </params>
          <reporter-output>
          </reporter-output>
        </test-method> <!-- setUpClass -->
        <test-method signature="runScenario(io.cucumber.testng.PickleWrapper,io.cucumber.testng.FeatureWrapper)[pri:0, instance:com.TN.Runner.Runner_TestNG@bccb269]" started-at="2024-12-18T00:44:52 EST" name="runScenario" description="Runs Cucumber Scenarios" data-provider="scenarios" finished-at="2024-12-18T00:45:01 EST" duration-ms="8338" status="PASS">
          <params>
            <param index="0">
              <value>
                <![CDATA["Add a valid product to the cart successfully"]]>
              </value>
            </param>
            <param index="1">
              <value>
                <![CDATA["Add to cart functionality of TutorialsNinja Application"]]>
              </value>
            </param>
          </params>
          <reporter-output>
          </reporter-output>
        </test-method> <!-- runScenario -->
        <test-method signature="runScenario(io.cucumber.testng.PickleWrapper,io.cucumber.testng.FeatureWrapper)[pri:0, instance:com.TN.Runner.Runner_TestNG@bccb269]" started-at="2024-12-18T00:45:01 EST" name="runScenario" description="Runs Cucumber Scenarios" data-provider="scenarios" finished-at="2024-12-18T00:45:07 EST" duration-ms="6413" status="PASS">
          <params>
            <param index="0">
              <value>
                <![CDATA["Login with valid credentials"]]>
              </value>
            </param>
            <param index="1">
              <value>
                <![CDATA["Login functionality of TutorialsNinja Application"]]>
              </value>
            </param>
          </params>
          <reporter-output>
          </reporter-output>
        </test-method> <!-- runScenario -->
        <test-method signature="runScenario(io.cucumber.testng.PickleWrapper,io.cucumber.testng.FeatureWrapper)[pri:0, instance:com.TN.Runner.Runner_TestNG@bccb269]" started-at="2024-12-18T00:45:07 EST" name="runScenario" description="Runs Cucumber Scenarios" data-provider="scenarios" finished-at="2024-12-18T00:45:12 EST" duration-ms="5418" status="PASS">
          <params>
            <param index="0">
              <value>
                <![CDATA["User logout successfully"]]>
              </value>
            </param>
            <param index="1">
              <value>
                <![CDATA["Logout functionality of TutorialsNinja Application"]]>
              </value>
            </param>
          </params>
          <reporter-output>
          </reporter-output>
        </test-method> <!-- runScenario -->
        <test-method signature="runScenario(io.cucumber.testng.PickleWrapper,io.cucumber.testng.FeatureWrapper)[pri:0, instance:com.TN.Runner.Runner_TestNG@bccb269]" started-at="2024-12-18T00:45:12 EST" name="runScenario" description="Runs Cucumber Scenarios" data-provider="scenarios" finished-at="2024-12-18T00:45:18 EST" duration-ms="5561" status="PASS">
          <params>
            <param index="0">
              <value>
                <![CDATA["Register with all fields"]]>
              </value>
            </param>
            <param index="1">
              <value>
                <![CDATA["Register functionality of TutorialsNinja Application"]]>
              </value>
            </param>
          </params>
          <reporter-output>
          </reporter-output>
        </test-method> <!-- runScenario -->
        <test-method signature="runScenario(io.cucumber.testng.PickleWrapper,io.cucumber.testng.FeatureWrapper)[pri:0, instance:com.TN.Runner.Runner_TestNG@bccb269]" started-at="2024-12-18T00:45:18 EST" name="runScenario" description="Runs Cucumber Scenarios" data-provider="scenarios" finished-at="2024-12-18T00:45:22 EST" duration-ms="3735" status="PASS">
          <params>
            <param index="0">
              <value>
                <![CDATA["Search with a valid product"]]>
              </value>
            </param>
            <param index="1">
              <value>
                <![CDATA["Search product functionality of TutorialsNinja Application"]]>
              </value>
            </param>
          </params>
          <reporter-output>
          </reporter-output>
        </test-method> <!-- runScenario -->
        <test-method is-config="true" signature="tearDownClass()[pri:0, instance:com.TN.Runner.Runner_TestNG@bccb269]" started-at="2024-12-18T00:45:22 EST" name="tearDownClass" finished-at="2024-12-18T00:45:22 EST" duration-ms="12" status="PASS">
          <reporter-output>
          </reporter-output>
        </test-method> <!-- tearDownClass -->
      </class> <!-- com.TN.Runner.Runner_TestNG -->
    </test> <!-- Default test -->
  </suite> <!-- Default suite -->
</testng-results>
